<?xml version="1.0" encoding="UTF-8"?>
<testsuites name="Amazon_Test Suite_001" time="15.439" tests="1" failures="0" errors="0">
   <testsuite name="Amazon_Test Suite_001" tests="1" failures="0" errors="0" time="15.439" skipped="0" timestamp="2024-01-30 18:32:16" hostname="dev - localhost" id="Test Suites/Amazon_Test Suite/Amazon_Test Suite_001">
      <properties>
         <property name="deviceName" value=""/>
         <property name="devicePlatform" value=""/>
         <property name="logFolder" value="/Users/dev/git/Katalon_Software-Automation-Testing/Reports/20240130_183213/Amazon_Test Suite/Amazon_Test Suite_001/20240130_183214"/>
         <property name="logFiles" value="/Users/dev/git/Katalon_Software-Automation-Testing/Reports/20240130_183213/Amazon_Test Suite/Amazon_Test Suite_001/20240130_183214/execution0.log"/>
         <property name="attachments" value=""/>
         <property name="hostName" value="dev - localhost"/>
         <property name="os" value="Mac OS X 64bit"/>
         <property name="katalonVersion" value="9.0.0.212"/>
         <property name="browser" value="Chrome 121.0.0.0"/>
         <property name="hostAddress" value="127.0.0.1"/>
         <property name="sessionId" value="f2e4387d7c4daed502a79013a6b4b0e6"/>
         <property name="seleniumVersion" value="3.141.59"/>
         <property name="proxyInformation" value="ProxyInformation { proxyOption=NO_PROXY, proxyServerType=HTTP, username=, password=********, proxyServerAddress=, proxyServerPort=0, executionList=&quot;&quot;, isApplyToDesiredCapabilities=true }"/>
         <property name="platform" value="Mac OS X"/>
      </properties>
      <testcase name="Test Cases/Amazon/TC_Amazon_Home_Validate_Sign Out_005" time="15.373" classname="Test Cases/Amazon/TC_Amazon_Home_Validate_Sign Out_005" status="PASSED">
         <system-out><![CDATA[2024-01-30 18:32:16 - [TEST_CASE][PASSED] - Test Cases/Amazon/TC_Amazon_Home_Validate_Sign Out_005: Test Cases/Amazon/TC_Amazon_Home_Validate_Sign Out_005

2024-01-30 18:32:16 - [TEST_STEP][PASSED] - openBrowser(""): Browser is opened with url: ''

2024-01-30 18:32:16 - [MESSAGE][INFO] - Starting 'Chrome' driver

2024-01-30 18:32:16 - [MESSAGE][INFO] - Action delay is set to 0 milliseconds

2024-01-30 18:32:17 - [MESSAGE][PASSED] - Browser is opened with url: ''

2024-01-30 18:32:17 - [TEST_STEP][PASSED] - navigateToUrl("https://www.amazon.com/"): Navigate to 'https://www.amazon.com/' successfully

2024-01-30 18:32:19 - [MESSAGE][PASSED] - Navigate to 'https://www.amazon.com/' successfully

2024-01-30 18:32:19 - [TEST_STEP][PASSED] - click(findTestObject("Object Repository/Amazon_Pages_Sign Out_OR/Page_Amazon.com. Spend less. Smile more/span_Hello, sign in")): Object: 'Object Repository/Amazon_Pages_Sign Out_OR/Page_Amazon.com. Spend less. Smile more/span_Hello, sign in' is clicked on

2024-01-30 18:32:20 - [MESSAGE][PASSED] - Object: 'Object Repository/Amazon_Pages_Sign Out_OR/Page_Amazon.com. Spend less. Smile more/span_Hello, sign in' is clicked on

2024-01-30 18:32:21 - [TEST_STEP][PASSED] - setText(findTestObject("Object Repository/Amazon_Pages_Sign Out_OR/Page_Amazon Sign-In/input_email"), "anujraaj9472@gmail.com"): Text 'anujraaj9472@gmail.com' is set on object 'Object Repository/Amazon_Pages_Sign Out_OR/Page_Amazon Sign-In/input_email'

2024-01-30 18:32:22 - [MESSAGE][PASSED] - Text 'anujraaj9472@gmail.com' is set on object 'Object Repository/Amazon_Pages_Sign Out_OR/Page_Amazon Sign-In/input_email'

2024-01-30 18:32:22 - [TEST_STEP][PASSED] - click(findTestObject("Object Repository/Amazon_Pages_Sign Out_OR/Page_Amazon Sign-In/inputcontinue")): Object: 'Object Repository/Amazon_Pages_Sign Out_OR/Page_Amazon Sign-In/inputcontinue' is clicked on

2024-01-30 18:32:23 - [MESSAGE][PASSED] - Object: 'Object Repository/Amazon_Pages_Sign Out_OR/Page_Amazon Sign-In/inputcontinue' is clicked on

2024-01-30 18:32:23 - [TEST_STEP][PASSED] - setEncryptedText(findTestObject("Object Repository/Amazon_Pages_Sign Out_OR/Page_Amazon Sign-In/input_password"), "NeRV5R5vumQAh3ll5BJijQ=="): Text ****** has been set on object 'Object Repository/Amazon_Pages_Sign Out_OR/Page_Amazon Sign-In/input_password'

2024-01-30 18:32:25 - [MESSAGE][PASSED] - Text ****** has been set on object 'Object Repository/Amazon_Pages_Sign Out_OR/Page_Amazon Sign-In/input_password'

2024-01-30 18:32:25 - [TEST_STEP][PASSED] - click(findTestObject("Object Repository/Amazon_Pages_Sign Out_OR/Page_Amazon Sign-In/inputsignInSubmit")): Object: 'Object Repository/Amazon_Pages_Sign Out_OR/Page_Amazon Sign-In/inputsignInSubmit' is clicked on

2024-01-30 18:32:25 - [MESSAGE][PASSED] - Object: 'Object Repository/Amazon_Pages_Sign Out_OR/Page_Amazon Sign-In/inputsignInSubmit' is clicked on

2024-01-30 18:32:25 - [TEST_STEP][PASSED] - waitForElementVisible(findTestObject("Amazon_Pages_Sign Out_OR/Page_Amazon.com. Spend less. Smile more/span_Sign Out"), 10): Object 'Object Repository/Amazon_Pages_Sign Out_OR/Page_Amazon.com. Spend less. Smile more/span_Sign Out' is visible

2024-01-30 18:32:29 - [MESSAGE][PASSED] - Object 'Object Repository/Amazon_Pages_Sign Out_OR/Page_Amazon.com. Spend less. Smile more/span_Sign Out' is visible

2024-01-30 18:32:29 - [TEST_STEP][PASSED] - click(findTestObject("Object Repository/Amazon_Pages_Sign Out_OR/Page_Amazon.com. Spend less. Smile more/span_Sign Out")): Object: 'Object Repository/Amazon_Pages_Sign Out_OR/Page_Amazon.com. Spend less. Smile more/span_Sign Out' is clicked on

2024-01-30 18:32:31 - [MESSAGE][PASSED] - Object: 'Object Repository/Amazon_Pages_Sign Out_OR/Page_Amazon.com. Spend less. Smile more/span_Sign Out' is clicked on

2024-01-30 18:32:31 - [TEST_STEP][PASSED] - closeBrowser(): Browser is closed

2024-01-30 18:32:31 - [MESSAGE][PASSED] - Browser is closed]]></system-out>
         <system-err><![CDATA[]]></system-err>
      </testcase>
      <system-out><![CDATA[2024-01-30 18:32:16 - [TEST_SUITE][PASSED] - Amazon_Test Suite_001: Test Cases/Amazon/TC_Amazon_Home_Validate_Sign Out_005]]></system-out>
      <system-err><![CDATA[]]></system-err>
   </testsuite>
</testsuites>
