<?xml version="1.0" encoding="UTF-8"?>
<testsuites name="Amazon_Test Suite_001" time="9.623" tests="1" failures="0" errors="0">
   <testsuite name="Amazon_Test Suite_001" tests="1" failures="0" errors="0" time="9.623" skipped="0" timestamp="2024-01-30 18:32:45" hostname="dev - localhost" id="Test Suites/Amazon_Test Suite/Amazon_Test Suite_001">
      <properties>
         <property name="deviceName" value=""/>
         <property name="devicePlatform" value=""/>
         <property name="logFolder" value="/Users/dev/git/Katalon_Software-Automation-Testing/Reports/20240130_183244/Amazon_Test Suite/Amazon_Test Suite_001/20240130_183244"/>
         <property name="logFiles" value="/Users/dev/git/Katalon_Software-Automation-Testing/Reports/20240130_183244/Amazon_Test Suite/Amazon_Test Suite_001/20240130_183244/execution0.log"/>
         <property name="attachments" value=""/>
         <property name="hostName" value="dev - localhost"/>
         <property name="os" value="Mac OS X 64bit"/>
         <property name="katalonVersion" value="9.0.0.212"/>
         <property name="browser" value="Chrome 121.0.0.0"/>
         <property name="hostAddress" value="127.0.0.1"/>
         <property name="sessionId" value="6f2d206851a67a3e2cb4771ec3565130"/>
         <property name="seleniumVersion" value="3.141.59"/>
         <property name="proxyInformation" value="ProxyInformation { proxyOption=NO_PROXY, proxyServerType=HTTP, username=, password=********, proxyServerAddress=, proxyServerPort=0, executionList=&quot;&quot;, isApplyToDesiredCapabilities=true }"/>
         <property name="platform" value="Mac OS X"/>
      </properties>
      <testcase name="Test Cases/Amazon/TC_Amazon_Home_Validate_Sign In_002" time="9.56" classname="Test Cases/Amazon/TC_Amazon_Home_Validate_Sign In_002" status="PASSED">
         <system-out><![CDATA[2024-01-30 18:32:45 - [TEST_CASE][PASSED] - Test Cases/Amazon/TC_Amazon_Home_Validate_Sign In_002: Test Cases/Amazon/TC_Amazon_Home_Validate_Sign In_002

2024-01-30 18:32:45 - [TEST_STEP][PASSED] - openBrowser(""): Browser is opened with url: ''

2024-01-30 18:32:45 - [MESSAGE][INFO] - Starting 'Chrome' driver

2024-01-30 18:32:45 - [MESSAGE][INFO] - Action delay is set to 0 milliseconds

2024-01-30 18:32:47 - [MESSAGE][PASSED] - Browser is opened with url: ''

2024-01-30 18:32:47 - [TEST_STEP][PASSED] - navigateToUrl("https://www.amazon.com/"): Navigate to 'https://www.amazon.com/' successfully

2024-01-30 18:32:48 - [MESSAGE][PASSED] - Navigate to 'https://www.amazon.com/' successfully

2024-01-30 18:32:48 - [TEST_STEP][PASSED] - click(findTestObject("Object Repository/Amazon_Pages_Sign In_OR/Page_Amazon.com. Spend less. Smile more/span_Hello, sign in")): Object: 'Object Repository/Amazon_Pages_Sign In_OR/Page_Amazon.com. Spend less. Smile more/span_Hello, sign in' is clicked on

2024-01-30 18:32:50 - [MESSAGE][PASSED] - Object: 'Object Repository/Amazon_Pages_Sign In_OR/Page_Amazon.com. Spend less. Smile more/span_Hello, sign in' is clicked on

2024-01-30 18:32:50 - [TEST_STEP][PASSED] - setText(findTestObject("Object Repository/Amazon_Pages_Sign In_OR/Page_Amazon Sign-In/input_email"), Email): Text 'deep.hp102000@gmail.com' is set on object 'Object Repository/Amazon_Pages_Sign In_OR/Page_Amazon Sign-In/input_email'

2024-01-30 18:32:51 - [MESSAGE][PASSED] - Text 'deep.hp102000@gmail.com' is set on object 'Object Repository/Amazon_Pages_Sign In_OR/Page_Amazon Sign-In/input_email'

2024-01-30 18:32:51 - [TEST_STEP][PASSED] - click(findTestObject("Object Repository/Amazon_Pages_Sign In_OR/Page_Amazon Sign-In/inputcontinue")): Object: 'Object Repository/Amazon_Pages_Sign In_OR/Page_Amazon Sign-In/inputcontinue' is clicked on

2024-01-30 18:32:53 - [MESSAGE][PASSED] - Object: 'Object Repository/Amazon_Pages_Sign In_OR/Page_Amazon Sign-In/inputcontinue' is clicked on

2024-01-30 18:32:53 - [TEST_STEP][PASSED] - setEncryptedText(findTestObject("Object Repository/Amazon_Pages_Sign In_OR/Page_Amazon Sign-In/input_password"), "NeRV5R5vumQAh3ll5BJijQ=="): Text ****** has been set on object 'Object Repository/Amazon_Pages_Sign In_OR/Page_Amazon Sign-In/input_password'

2024-01-30 18:32:54 - [MESSAGE][PASSED] - Text ****** has been set on object 'Object Repository/Amazon_Pages_Sign In_OR/Page_Amazon Sign-In/input_password'

2024-01-30 18:32:54 - [TEST_STEP][PASSED] - click(findTestObject("Object Repository/Amazon_Pages_Sign In_OR/Page_Amazon Sign-In/inputsignInSubmit")): Object: 'Object Repository/Amazon_Pages_Sign In_OR/Page_Amazon Sign-In/inputsignInSubmit' is clicked on

2024-01-30 18:32:55 - [MESSAGE][PASSED] - Object: 'Object Repository/Amazon_Pages_Sign In_OR/Page_Amazon Sign-In/inputsignInSubmit' is clicked on

2024-01-30 18:32:55 - [TEST_STEP][PASSED] - closeBrowser(): Browser is closed

2024-01-30 18:32:55 - [MESSAGE][PASSED] - Browser is closed]]></system-out>
         <system-err><![CDATA[]]></system-err>
      </testcase>
      <system-out><![CDATA[2024-01-30 18:32:45 - [TEST_SUITE][PASSED] - Amazon_Test Suite_001: Test Cases/Amazon/TC_Amazon_Home_Validate_Sign In_002]]></system-out>
      <system-err><![CDATA[]]></system-err>
   </testsuite>
</testsuites>
